  Building 'MyDriverRK' with toolset 'WindowsKernelModeDriver10.0' and the 'Desktop' target platform.
  entry.c
E:\Project\C\C++\Windows 驱动开发\通讯框架\MyDriverRK\entry.c(40,28): warning C4267: “初始化”: 从“size_t”转换到“ULONG”，可能丢失数据
E:\Project\C\C++\Windows 驱动开发\通讯框架\MyDriverRK\entry.c(16,40): warning C4100: “pDriverObject”: 未引用的形参
E:\Project\C\C++\Windows 驱动开发\通讯框架\MyDriverRK\entry.c(56,40): warning C4100: “pDriverObject”: 未引用的形参
E:\Project\C\C++\Windows 驱动开发\通讯框架\MyDriverRK\entry.c(69,41): warning C4100: “pDriverObject”: 未引用的形参
E:\Project\C\C++\Windows 驱动开发\通讯框架\MyDriverRK\entry.c(97,18): warning C4267: “初始化”: 从“size_t”转换到“ULONG”，可能丢失数据
E:\Project\C\C++\Windows 驱动开发\通讯框架\MyDriverRK\entry.c(82,38): warning C4100: “pDriverObject”: 未引用的形参
E:\Project\C\C++\Windows 驱动开发\通讯框架\MyDriverRK\entry.c(129,18): warning C4267: “初始化”: 从“size_t”转换到“ULONG”，可能丢失数据
E:\Project\C\C++\Windows 驱动开发\通讯框架\MyDriverRK\entry.c(114,39): warning C4100: “pDriverObject”: 未引用的形参
E:\Project\C\C++\Windows 驱动开发\通讯框架\MyDriverRK\entry.c(129,8): warning C4189: “uStrLen”: 局部变量已初始化但不引用
E:\Project\C\C++\Windows 驱动开发\通讯框架\MyDriverRK\entry.c(142,34): warning C4100: “pDriverObject”: 未引用的形参
E:\Project\C\C++\Windows 驱动开发\通讯框架\MyDriverRK\entry.c(162,104): warning C4133: “函数”: 从“PDRIVER_OBJECT *”到“PDEVICE_OBJECT *”的类型不兼容
E:\Project\C\C++\Windows 驱动开发\通讯框架\MyDriverRK\entry.c(165,31): warning C4133: “函数”: 从“PDRIVER_OBJECT”到“PDEVICE_OBJECT”的类型不兼容
E:\Project\C\C++\Windows 驱动开发\通讯框架\MyDriverRK\entry.c(185,52): warning C4113: “NTSTATUS (__cdecl *)(PDRIVER_OBJECT,PIRP)”和“PDRIVER_DISPATCH”的参数列表不同
E:\Project\C\C++\Windows 驱动开发\通讯框架\MyDriverRK\entry.c(187,62): warning C4113: “NTSTATUS (__cdecl *)(PDRIVER_OBJECT,PIRP)”和“PDRIVER_DISPATCH”的参数列表不同
E:\Project\C\C++\Windows 驱动开发\通讯框架\MyDriverRK\entry.c(188,58): warning C4113: “NTSTATUS (__cdecl *)(PDRIVER_OBJECT,PIRP)”和“PDRIVER_DISPATCH”的参数列表不同
E:\Project\C\C++\Windows 驱动开发\通讯框架\MyDriverRK\entry.c(189,60): warning C4113: “NTSTATUS (__cdecl *)(PDRIVER_OBJECT,PIRP)”和“PDRIVER_DISPATCH”的参数列表不同
E:\Project\C\C++\Windows 驱动开发\通讯框架\MyDriverRK\entry.c(190,70): warning C4113: “NTSTATUS (__cdecl *)(PDRIVER_OBJECT,PIRP)”和“PDRIVER_DISPATCH”的参数列表不同
E:\Project\C\C++\Windows 驱动开发\通讯框架\MyDriverRK\entry.c(147,68): warning C4100: “pRegPath”: 未引用的形参
E:\Project\C\C++\Windows 驱动开发\通讯框架\MyDriverRK\entry.c(53): warning C4715: “DispatchIoCtrl”: 不是所有的控件路径都返回值
  MyDriverRK.vcxproj -> E:\Project\C\C++\Windows 驱动开发\通讯框架\x64\Debug\MyDriverRK.sys
  Done Adding Additional Store
  Successfully signed: E:\Project\C\C++\Windows \\x64\Debug\MyDriverRK.sys
  
  Inf2Cat task was skipped as there were no inf files to process
  
